<?xml version="1.0" encoding="UTF-8"?>
<!-- Generated by org.testng.reporters.JUnitReportReporter -->
<testsuite hostname="AD-LAP-240024" failures="0" tests="1" name="runners.TestRunner" time="73.096" errors="0" timestamp="2025-02-06T15:20:31 IST" skipped="0">
  <testcase classname="runners.TestRunner" name="runScenario" time="73.096"/>
</testsuite> <!-- runners.TestRunner -->
